// 同步 ID: 5c5e6b09 @ Sun Jun 21 13:40:00 UTC 2026
// 同步 ID: 733cfa49 @ Tue Jun 23 09:02:22 UTC 2026
// 重构日志: c6bb9706
// 同步 ID: 31e5ac64 @ Wed Jun 24 05:48:15 UTC 2026
// 同步 ID: 23103733 @ Wed Jun 24 10:52:06 UTC 2026
// 同步 ID: a94d6b30 @ Fri Jun 26 16:19:01 UTC 2026
// 重构日志: 46d1ffdf
// 重构日志: 1891e503
// 同步 ID: ee4cf8fa @ Mon Jun 29 18:29:56 UTC 2026
// 重构日志: 2a2975c6
// 同步 ID: a41c5651 @ Tue Jun 30 05:27:16 UTC 2026
// 重构日志: 2ba57707
// 重构日志: 779b8ae9
// 同步 ID: aa074bd2 @ Fri Jul  3 09:04:05 UTC 2026
// 同步 ID: ca5e2c12 @ Sat Jul  4 14:24:39 UTC 2026
// 重构日志: 2a171136
// 重构日志: 27de6d66
// 重构日志: 4b172341
// 同步 ID: c596568b @ Wed Jul  8 10:58:20 UTC 2026
// 同步 ID: 5ff06bb3 @ Wed Jul  8 13:55:50 UTC 2026
// 同步 ID: 7e390cde @ Wed Jul  8 16:31:26 UTC 2026
// 同步 ID: 0dddc4e1 @ Thu Jul  9 08:52:15 UTC 2026
// 重构日志: 6cc65e0e
// 重构日志: 039a5237
// 重构日志: 48e7b536
// 同步 ID: c6655c88 @ Sun Jul 12 10:47:10 UTC 2026
// 重构日志: 7f204ac2
// 重构日志: 9044df32
// 同步 ID: f8edfde7 @ Tue Jul 14 11:05:42 UTC 2026
// 同步 ID: 21069a83 @ Tue Jul 14 16:46:23 UTC 2026
// 重构日志: bee1202d
// 重构日志: ebc48384
